#
# There is insufficient memory for the Java Runtime Environment to continue.
# Native memory allocation (malloc) failed to allocate 32744 bytes for ChunkPool::allocate
# Possible reasons:
#   The system is out of physical RAM or swap space
#   In 32 bit mode, the process size limit was hit
# Possible solutions:
#   Reduce memory load on the system
#   Increase physical memory or swap space
#   Check if swap backing store is full
#   Use 64 bit Java on a 64 bit OS
#   Decrease Java heap size (-Xmx/-Xms)
#   Decrease number of Java threads
#   Decrease Java thread stack sizes (-Xss)
#   Set larger code cache with -XX:ReservedCodeCacheSize=
# This output file may be truncated or incomplete.
#
#  Out of Memory Error (allocation.cpp:273), pid=220, tid=0x0000000000001d0c
#
# JRE version: Java(TM) SE Runtime Environment (8.0_121-b13) (build 1.8.0_121-b13)
# Java VM: Java HotSpot(TM) 64-Bit Server VM (25.121-b13 mixed mode windows-amd64 compressed oops)
# Failed to write core dump. Minidumps are not enabled by default on client versions of Windows
#

---------------  T H R E A D  ---------------

Current thread (0x000000001ccab000):  JavaThread "New I/O worker #2" daemon [_thread_in_vm, id=7436, stack(0x0000000028460000,0x0000000028560000)]

Stack: [0x0000000028460000,0x0000000028560000]
[error occurred during error reporting (printing stack bounds), id 0xc0000005]

Native frames: (J=compiled Java code, j=interpreted, Vv=VM code, C=native code)

Java frames: (J=compiled Java code, j=interpreted, Vv=VM code)
J 1094  java.lang.Class.getDeclaredMethods0(Z)[Ljava/lang/reflect/Method; (0 bytes) @ 0x00000000033ddf3b [0x00000000033ddf00+0x3b]
J 816 C1 java.lang.Class.privateGetDeclaredMethods(Z)[Ljava/lang/reflect/Method; (67 bytes) @ 0x000000000332095c [0x0000000003320640+0x31c]
J 765 C1 java.lang.Class.getDeclaredMethods()[Ljava/lang/reflect/Method; (18 bytes) @ 0x0000000003301bb4 [0x0000000003301ae0+0xd4]
j  com.alibaba.com.caucho.hessian.io.JavaDeserializer.getReadResolve(Ljava/lang/Class;)Ljava/lang/reflect/Method;+5
j  com.alibaba.com.caucho.hessian.io.JavaDeserializer.<init>(Ljava/lang/Class;)V+21
j  com.alibaba.com.caucho.hessian.io.StackTraceElementDeserializer.<init>()V+4
j  com.alibaba.com.caucho.hessian.io.SerializerFactory.<clinit>()V+684
v  ~StubRoutines::call_stub
j  com.alibaba.dubbo.common.serialize.support.hessian.Hessian2ObjectInput.<init>(Ljava/io/InputStream;)V+20
j  com.alibaba.dubbo.common.serialize.support.hessian.Hessian2Serialization.deserialize(Lcom/alibaba/dubbo/common/URL;Ljava/io/InputStream;)Lcom/alibaba/dubbo/common/serialize/ObjectInput;+5
j  com.alibaba.dubbo.rpc.protocol.dubbo.DecodeableRpcInvocation.decode(Lcom/alibaba/dubbo/remoting/Channel;Ljava/io/InputStream;)Ljava/lang/Object;+23
j  com.alibaba.dubbo.rpc.protocol.dubbo.DecodeableRpcInvocation.decode()V+30
j  com.alibaba.dubbo.rpc.protocol.dubbo.DubboCodec.decodeBody(Lcom/alibaba/dubbo/remoting/Channel;Ljava/io/InputStream;[B)Ljava/lang/Object;+486
j  com.alibaba.dubbo.remoting.exchange.codec.ExchangeCodec.decode(Lcom/alibaba/dubbo/remoting/Channel;Lcom/alibaba/dubbo/remoting/buffer/ChannelBuffer;I[B)Ljava/lang/Object;+208
j  com.alibaba.dubbo.remoting.exchange.codec.ExchangeCodec.decode(Lcom/alibaba/dubbo/remoting/Channel;Lcom/alibaba/dubbo/remoting/buffer/ChannelBuffer;)Ljava/lang/Object;+31
j  com.alibaba.dubbo.rpc.protocol.dubbo.DubboCountCodec.decode(Lcom/alibaba/dubbo/remoting/Channel;Lcom/alibaba/dubbo/remoting/buffer/ChannelBuffer;)Ljava/lang/Object;+18
j  com.alibaba.dubbo.remoting.transport.netty.NettyCodecAdapter$InternalDecoder.messageReceived(Lorg/jboss/netty/channel/ChannelHandlerContext;Lorg/jboss/netty/channel/MessageEvent;)V+232
j  org.jboss.netty.channel.SimpleChannelUpstreamHandler.handleUpstream(Lorg/jboss/netty/channel/ChannelHandlerContext;Lorg/jboss/netty/channel/ChannelEvent;)V+13
j  org.jboss.netty.channel.DefaultChannelPipeline.sendUpstream(Lorg/jboss/netty/channel/DefaultChannelPipeline$DefaultChannelHandlerContext;Lorg/jboss/netty/channel/ChannelEvent;)V+9
j  org.jboss.netty.channel.DefaultChannelPipeline.sendUpstream(Lorg/jboss/netty/channel/ChannelEvent;)V+55
j  org.jboss.netty.channel.Channels.fireMessageReceived(Lorg/jboss/netty/channel/Channel;Ljava/lang/Object;Ljava/net/SocketAddress;)V+16
j  org.jboss.netty.channel.Channels.fireMessageReceived(Lorg/jboss/netty/channel/Channel;Ljava/lang/Object;)V+3
j  org.jboss.netty.channel.socket.nio.NioWorker.read(Ljava/nio/channels/SelectionKey;)Z+179
J 6199 C1 org.jboss.netty.channel.socket.nio.AbstractNioWorker.process(Ljava/nio/channels/Selector;)V (117 bytes) @ 0x00000000036b7c6c [0x00000000036b74a0+0x7cc]
j  org.jboss.netty.channel.socket.nio.AbstractNioSelector.run()V+365
j  org.jboss.netty.channel.socket.nio.AbstractNioWorker.run()V+1
j  org.jboss.netty.channel.socket.nio.NioWorker.run()V+1
j  org.jboss.netty.util.ThreadRenamingRunnable.run()V+55
j  org.jboss.netty.util.internal.DeadLockProofWorker$1.run()V+14
j  java.util.concurrent.ThreadPoolExecutor.runWorker(Ljava/util/concurrent/ThreadPoolExecutor$Worker;)V+95
j  java.util.concurrent.ThreadPoolExecutor$Worker.run()V+5
j  java.lang.Thread.run()V+11
v  ~StubRoutines::call_stub

---------------  P R O C E S S  ---------------

Java Threads: ( => current thread )
  0x0000000024802800 JavaThread "http-bio-8083-AsyncTimeout" daemon [_thread_blocked, id=13792, stack(0x0000000029d30000,0x0000000029e30000)]
  0x0000000024803000 JavaThread "http-bio-8083-Acceptor-0" daemon [_thread_in_native, id=9732, stack(0x0000000029c30000,0x0000000029d30000)]
  0x0000000024800000 JavaThread "ContainerBackgroundProcessor[StandardEngine[Tomcat]]" daemon [_thread_blocked, id=7612, stack(0x0000000029b30000,0x0000000029c30000)]
  0x0000000024801800 JavaThread "DubboServerHandler-192.168.25.1:20881-thread-2" daemon [_thread_blocked, id=13064, stack(0x0000000029a30000,0x0000000029b30000)]
  0x00000000247fe000 JavaThread "DubboSaveRegistryCache-thread-1" daemon [_thread_blocked, id=13656, stack(0x0000000029930000,0x0000000029a30000)]
  0x00000000247ff800 JavaThread "DubboServerHandler-192.168.25.1:20881-thread-1" daemon [_thread_blocked, id=11924, stack(0x0000000029830000,0x0000000029930000)]
  0x0000000024364800 JavaThread "localhost-startStop-1-EventThread" daemon [_thread_blocked, id=15244, stack(0x0000000029260000,0x0000000029360000)]
  0x0000000024361000 JavaThread "localhost-startStop-1-SendThread(192.168.25.131:2181)" daemon [_thread_in_native, id=16040, stack(0x0000000029160000,0x0000000029260000)]
  0x000000002435e800 JavaThread "ZkClient-EventThread-31-192.168.25.131:2181" daemon [_thread_blocked, id=10468, stack(0x0000000029060000,0x0000000029160000)]
  0x0000000024360000 JavaThread "DubboRegistryFailedRetryTimer-thread-1" daemon [_thread_blocked, id=12804, stack(0x0000000028f60000,0x0000000029060000)]
  0x0000000024362800 JavaThread "dubbo-remoting-server-heartbeat-thread-1" daemon [_thread_blocked, id=10112, stack(0x0000000028e60000,0x0000000028f60000)]
  0x0000000024361800 JavaThread "New I/O server boss #10" daemon [_thread_in_native, id=700, stack(0x0000000028d60000,0x0000000028e60000)]
  0x0000000024364000 JavaThread "New I/O worker #9" daemon [_thread_in_native, id=20040, stack(0x0000000028c60000,0x0000000028d60000)]
  0x0000000024363000 JavaThread "New I/O worker #8" daemon [_thread_in_native, id=16224, stack(0x0000000028b60000,0x0000000028c60000)]
  0x0000000024365800 JavaThread "New I/O worker #7" daemon [_thread_in_native, id=18140, stack(0x0000000028a60000,0x0000000028b60000)]
  0x000000002435f800 JavaThread "New I/O worker #6" daemon [_thread_in_native, id=1692, stack(0x0000000028960000,0x0000000028a60000)]
  0x000000001ccae000 JavaThread "New I/O worker #5" daemon [_thread_in_native, id=13592, stack(0x0000000028860000,0x0000000028960000)]
  0x000000001ccad800 JavaThread "New I/O worker #4" daemon [_thread_in_native, id=14480, stack(0x0000000028660000,0x0000000028760000)]
  0x000000001ccac800 JavaThread "New I/O worker #3" daemon [_thread_in_native, id=11824, stack(0x0000000028560000,0x0000000028660000)]
=>0x000000001ccab000 JavaThread "New I/O worker #2" daemon [_thread_in_vm, id=7436, stack(0x0000000028460000,0x0000000028560000)]
  0x000000001cca9000 JavaThread "New I/O worker #1" daemon [_thread_in_native, id=8924, stack(0x0000000028360000,0x0000000028460000)]
  0x000000001ccaf000 JavaThread "Thread-3" daemon [_thread_in_native, id=16460, stack(0x0000000027460000,0x0000000027560000)]
  0x0000000019fc9800 JavaThread "Service Thread" daemon [_thread_blocked, id=14424, stack(0x000000001aa60000,0x000000001ab60000)]
  0x0000000019f8c800 JavaThread "C1 CompilerThread3" daemon [_thread_blocked, id=20360, stack(0x000000001a960000,0x000000001aa60000)]
  0x0000000019f29000 JavaThread "C2 CompilerThread2" daemon [_thread_in_native, id=19700, stack(0x000000001a860000,0x000000001a960000)]
  0x0000000019f1f000 JavaThread "C2 CompilerThread1" daemon [_thread_blocked, id=2068, stack(0x000000001a760000,0x000000001a860000)]
  0x0000000019f1e800 JavaThread "C2 CompilerThread0" daemon [_thread_blocked, id=18168, stack(0x000000001a660000,0x000000001a760000)]
  0x0000000019f1d000 JavaThread "Monitor Ctrl-Break" daemon [_thread_in_native, id=1360, stack(0x000000001a560000,0x000000001a660000)]
  0x0000000019ef0000 JavaThread "Attach Listener" daemon [_thread_blocked, id=17340, stack(0x000000001a460000,0x000000001a560000)]
  0x0000000019e9b000 JavaThread "Signal Dispatcher" daemon [_thread_blocked, id=8540, stack(0x000000001a360000,0x000000001a460000)]
  0x0000000002fae000 JavaThread "Finalizer" daemon [_thread_blocked, id=1604, stack(0x000000001a260000,0x000000001a360000)]
  0x0000000017f7d800 JavaThread "Reference Handler" daemon [_thread_blocked, id=15324, stack(0x0000000019d60000,0x0000000019e60000)]
  0x0000000002bae000 JavaThread "main" [_thread_blocked, id=18516, stack(0x0000000002bb0000,0x0000000002cb0000)]

Other Threads:
  0x0000000017f79800 VMThread [stack: 0x0000000019c60000,0x0000000019d60000] [id=3200]
  0x0000000019fe0000 WatcherThread [stack: 0x000000001ab60000,0x000000001ac60000] [id=2936]

VM state:not at safepoint (normal execution)

VM Mutex/Monitor currently owned by a thread: None

Heap:
 PSYoungGen      total 287232K, used 222899K [0x00000000d5b80000, 0x00000000ef400000, 0x0000000100000000)
  eden space 247296K, 90% used [0x00000000d5b80000,0x00000000e352cdf8,0x00000000e4d00000)
  from space 39936K, 0% used [0x00000000e4d00000,0x00000000e4d00000,0x00000000e7400000)
  to   space 38400K, 0% used [0x00000000ece80000,0x00000000ece80000,0x00000000ef400000)
 ParOldGen       total 118272K, used 38954K [0x0000000081200000, 0x0000000088580000, 0x00000000d5b80000)
  object space 118272K, 32% used [0x0000000081200000,0x000000008380ab80,0x0000000088580000)
 Metaspace       used 42567K, capacity 43306K, committed 43864K, reserved 1087488K
  class space    used 5019K, capacity 5237K, committed 5248K, reserved 1048576K

Card table byte_map: [0x0000000012370000,0x0000000012770000] byte_map_base: 0x0000000011f67000

Marking Bits: (ParMarkBitMap*) 0x0000000052dcb6d0
 Begin Bits: [0x0000000013220000, 0x00000000151d8000)
 End Bits:   [0x00000000151d8000, 0x0000000017190000)

Polling page: 0x00000000009e0000

CodeCache: size=245760Kb used=16463Kb max_used=16551Kb free=229296Kb
 bounds [0x0000000002fb0000, 0x0000000004000000, 0x0000000011fb0000]
 total_blobs=5881 nmethods=5390 adapters=402
 compilation: enabled

Compilation events (10 events):
Event: 42.891 Thread 0x0000000019f8c800 nmethod 6213 0x00000000036b65d0 code [0x00000000036b6720, 0x00000000036b6830]
Event: 42.925 Thread 0x0000000019f1f000 6215       4       java.util.AbstractCollection::toArray (147 bytes)
Event: 42.928 Thread 0x0000000019f1f000 nmethod 6215 0x00000000030e83d0 code [0x00000000030e8520, 0x00000000030e87b8]
Event: 47.198 Thread 0x0000000019f1e800 6216       4       java.util.BitSet::get (69 bytes)
Event: 47.199 Thread 0x0000000019f1e800 nmethod 6216 0x0000000003fdbb50 code [0x0000000003fdbca0, 0x0000000003fdbd98]
Event: 47.215 Thread 0x0000000019f29000 6217   !   4       org.apache.catalina.loader.WebappClassLoader::findResourceInternal (1479 bytes)
Event: 47.215 Thread 0x0000000019f8c800 6218       3       java.io.WinNTFileSystem::resolve (231 bytes)
Event: 47.217 Thread 0x0000000019f8c800 nmethod 6218 0x0000000003ba27d0 code [0x0000000003ba2aa0, 0x0000000003ba4488]
Event: 47.217 Thread 0x0000000019f1f000 6219       4       java.lang.String::regionMatches (149 bytes)
Event: 47.222 Thread 0x0000000019f1e800 6220 %     4       sun.net.www.ParseUtil::encodePath @ 29 (336 bytes)

GC Heap History (10 events):
Event: 7.642 GC heap before
{Heap before GC invocations=9 (full 1):
 PSYoungGen      total 143872K, used 143844K [0x00000000d5b80000, 0x00000000e3a80000, 0x0000000100000000)
  eden space 132608K, 100% used [0x00000000d5b80000,0x00000000ddd00000,0x00000000ddd00000)
  from space 11264K, 99% used [0x00000000ddd00000,0x00000000de7f9088,0x00000000de800000)
  to   space 16384K, 0% used [0x00000000e2a80000,0x00000000e2a80000,0x00000000e3a80000)
 ParOldGen       total 70656K, used 22904K [0x0000000081200000, 0x0000000085700000, 0x00000000d5b80000)
  object space 70656K, 32% used [0x0000000081200000,0x000000008285e048,0x0000000085700000)
 Metaspace       used 24311K, capacity 24876K, committed 25088K, reserved 1071104K
  class space    used 2805K, capacity 2967K, committed 3072K, reserved 1048576K
Event: 7.678 GC heap after
Heap after GC invocations=9 (full 1):
 PSYoungGen      total 205312K, used 16382K [0x00000000d5b80000, 0x00000000e5400000, 0x0000000100000000)
  eden space 188928K, 0% used [0x00000000d5b80000,0x00000000d5b80000,0x00000000e1400000)
  from space 16384K, 99% used [0x00000000e2a80000,0x00000000e3a7fbd8,0x00000000e3a80000)
  to   space 23040K, 0% used [0x00000000e1400000,0x00000000e1400000,0x00000000e2a80000)
 ParOldGen       total 70656K, used 33080K [0x0000000081200000, 0x0000000085700000, 0x00000000d5b80000)
  object space 70656K, 46% used [0x0000000081200000,0x000000008324e3e8,0x0000000085700000)
 Metaspace       used 24311K, capacity 24876K, committed 25088K, reserved 1071104K
  class space    used 2805K, capacity 2967K, committed 3072K, reserved 1048576K
}
Event: 8.747 GC heap before
{Heap before GC invocations=10 (full 1):
 PSYoungGen      total 205312K, used 205310K [0x00000000d5b80000, 0x00000000e5400000, 0x0000000100000000)
  eden space 188928K, 100% used [0x00000000d5b80000,0x00000000e1400000,0x00000000e1400000)
  from space 16384K, 99% used [0x00000000e2a80000,0x00000000e3a7fbd8,0x00000000e3a80000)
  to   space 23040K, 0% used [0x00000000e1400000,0x00000000e1400000,0x00000000e2a80000)
 ParOldGen       total 70656K, used 33080K [0x0000000081200000, 0x0000000085700000, 0x00000000d5b80000)
  object space 70656K, 46% used [0x0000000081200000,0x000000008324e3e8,0x0000000085700000)
 Metaspace       used 24330K, capacity 24890K, committed 25088K, reserved 1071104K
  class space    used 2808K, capacity 2969K, committed 3072K, reserved 1048576K
Event: 8.780 GC heap after
Heap after GC invocations=10 (full 1):
 PSYoungGen      total 211968K, used 23020K [0x00000000d5b80000, 0x00000000e9300000, 0x0000000100000000)
  eden space 188928K, 0% used [0x00000000d5b80000,0x00000000d5b80000,0x00000000e1400000)
  from space 23040K, 99% used [0x00000000e1400000,0x00000000e2a7b2d0,0x00000000e2a80000)
  to   space 31744K, 0% used [0x00000000e7400000,0x00000000e7400000,0x00000000e9300000)
 ParOldGen       total 70656K, used 46198K [0x0000000081200000, 0x0000000085700000, 0x00000000d5b80000)
  object space 70656K, 65% used [0x0000000081200000,0x0000000083f1d9d8,0x0000000085700000)
 Metaspace       used 24330K, capacity 24890K, committed 25088K, reserved 1071104K
  class space    used 2808K, capacity 2969K, committed 3072K, reserved 1048576K
}
Event: 10.106 GC heap before
{Heap before GC invocations=11 (full 1):
 PSYoungGen      total 211968K, used 211948K [0x00000000d5b80000, 0x00000000e9300000, 0x0000000100000000)
  eden space 188928K, 100% used [0x00000000d5b80000,0x00000000e1400000,0x00000000e1400000)
  from space 23040K, 99% used [0x00000000e1400000,0x00000000e2a7b2d0,0x00000000e2a80000)
  to   space 31744K, 0% used [0x00000000e7400000,0x00000000e7400000,0x00000000e9300000)
 ParOldGen       total 70656K, used 46198K [0x0000000081200000, 0x0000000085700000, 0x00000000d5b80000)
  object space 70656K, 65% used [0x0000000081200000,0x0000000083f1d9d8,0x0000000085700000)
 Metaspace       used 24333K, capacity 24890K, committed 25088K, reserved 1071104K
  class space    used 2808K, capacity 2969K, committed 3072K, reserved 1048576K
Event: 10.217 GC heap after
Heap after GC invocations=11 (full 1):
 PSYoungGen      total 279040K, used 31713K [0x00000000d5b80000, 0x00000000ead00000, 0x0000000100000000)
  eden space 247296K, 0% used [0x00000000d5b80000,0x00000000d5b80000,0x00000000e4d00000)
  from space 31744K, 99% used [0x00000000e7400000,0x00000000e92f8650,0x00000000e9300000)
  to   space 39936K, 0% used [0x00000000e4d00000,0x00000000e4d00000,0x00000000e7400000)
 ParOldGen       total 70656K, used 54986K [0x0000000081200000, 0x0000000085700000, 0x00000000d5b80000)
  object space 70656K, 77% used [0x0000000081200000,0x00000000847b2b30,0x0000000085700000)
 Metaspace       used 24333K, capacity 24890K, committed 25088K, reserved 1071104K
  class space    used 2808K, capacity 2969K, committed 3072K, reserved 1048576K
}
Event: 11.544 GC heap before
{Heap before GC invocations=12 (full 1):
 PSYoungGen      total 279040K, used 186168K [0x00000000d5b80000, 0x00000000ead00000, 0x0000000100000000)
  eden space 247296K, 62% used [0x00000000d5b80000,0x00000000df255cf8,0x00000000e4d00000)
  from space 31744K, 99% used [0x00000000e7400000,0x00000000e92f8650,0x00000000e9300000)
  to   space 39936K, 0% used [0x00000000e4d00000,0x00000000e4d00000,0x00000000e7400000)
 ParOldGen       total 70656K, used 54986K [0x0000000081200000, 0x0000000085700000, 0x00000000d5b80000)
  object space 70656K, 77% used [0x0000000081200000,0x00000000847b2b30,0x0000000085700000)
 Metaspace       used 34507K, capacity 35178K, committed 35416K, reserved 1081344K
  class space    used 4017K, capacity 4201K, committed 4224K, reserved 1048576K
Event: 11.564 GC heap after
Heap after GC invocations=12 (full 1):
 PSYoungGen      total 287232K, used 18548K [0x00000000d5b80000, 0x00000000ef400000, 0x0000000100000000)
  eden space 247296K, 0% used [0x00000000d5b80000,0x00000000d5b80000,0x00000000e4d00000)
  from space 39936K, 46% used [0x00000000e4d00000,0x00000000e5f1d300,0x00000000e7400000)
  to   space 38400K, 0% used [0x00000000ece80000,0x00000000ece80000,0x00000000ef400000)
 ParOldGen       total 70656K, used 59786K [0x0000000081200000, 0x0000000085700000, 0x00000000d5b80000)
  object space 70656K, 84% used [0x0000000081200000,0x0000000084c629f8,0x0000000085700000)
 Metaspace       used 34507K, capacity 35178K, committed 35416K, reserved 1081344K
  class space    used 4017K, capacity 4201K, committed 4224K, reserved 1048576K
}
Event: 11.564 GC heap before
{Heap before GC invocations=13 (full 2):
 PSYoungGen      total 287232K, used 18548K [0x00000000d5b80000, 0x00000000ef400000, 0x0000000100000000)
  eden space 247296K, 0% used [0x00000000d5b80000,0x00000000d5b80000,0x00000000e4d00000)
  from space 39936K, 46% used [0x00000000e4d00000,0x00000000e5f1d300,0x00000000e7400000)
  to   space 38400K, 0% used [0x00000000ece80000,0x00000000ece80000,0x00000000ef400000)
 ParOldGen       total 70656K, used 59786K [0x0000000081200000, 0x0000000085700000, 0x00000000d5b80000)
  object space 70656K, 84% used [0x0000000081200000,0x0000000084c629f8,0x0000000085700000)
 Metaspace       used 34507K, capacity 35178K, committed 35416K, reserved 1081344K
  class space    used 4017K, capacity 4201K, committed 4224K, reserved 1048576K
Event: 11.639 GC heap after
Heap after GC invocations=13 (full 2):
 PSYoungGen      total 287232K, used 0K [0x00000000d5b80000, 0x00000000ef400000, 0x0000000100000000)
  eden space 247296K, 0% used [0x00000000d5b80000,0x00000000d5b80000,0x00000000e4d00000)
  from space 39936K, 0% used [0x00000000e4d00000,0x00000000e4d00000,0x00000000e7400000)
  to   space 38400K, 0% used [0x00000000ece80000,0x00000000ece80000,0x00000000ef400000)
 ParOldGen       total 118272K, used 38954K [0x0000000081200000, 0x0000000088580000, 0x00000000d5b80000)
  object space 118272K, 32% used [0x0000000081200000,0x000000008380ab80,0x0000000088580000)
 Metaspace       used 34507K, capacity 35178K, committed 35416K, reserved 1081344K
  class space    used 4017K, capacity 4201K, committed 4224K, reserved 1048576K
}

Deoptimization events (10 events):
Event: 12.218 Thread 0x000000001ccac000 Uncommon trap: reason=bimorphic action=maybe_recompile pc=0x000000000355be2c method=java.util.regex.Pattern$5.isSatisfiedBy(I)Z @ 5
Event: 12.373 Thread 0x000000001ccac000 Uncommon trap: reason=unstable_if action=reinterpret pc=0x0000000003739d38 method=java.util.HashMap.putMapEntries(Ljava/util/Map;Z)V @ 53
Event: 12.439 Thread 0x000000001ccac000 Uncommon trap: reason=unstable_if action=reinterpret pc=0x0000000003540d54 method=java.util.regex.Pattern$CharProperty.match(Ljava/util/regex/Matcher;ILjava/lang/CharSequence;)Z @ 40
Event: 12.790 Thread 0x0000000024361000 Uncommon trap: reason=bimorphic action=maybe_recompile pc=0x0000000003671aac method=java.io.DataInputStream.readFully([BII)V @ 34
Event: 12.791 Thread 0x0000000024361000 Uncommon trap: reason=bimorphic action=maybe_recompile pc=0x0000000003671aac method=java.io.DataInputStream.readFully([BII)V @ 34
Event: 12.810 Thread 0x0000000024361000 Uncommon trap: reason=bimorphic action=maybe_recompile pc=0x0000000003671aac method=java.io.DataInputStream.readFully([BII)V @ 34
Event: 12.818 Thread 0x0000000024361000 Uncommon trap: reason=bimorphic action=maybe_recompile pc=0x0000000003671aac method=java.io.DataInputStream.readFully([BII)V @ 34
Event: 12.919 Thread 0x000000001ccac000 Uncommon trap: reason=unstable_if action=reinterpret pc=0x0000000003256b34 method=java.io.WinNTFileSystem.normalizePrefix(Ljava/lang/String;ILjava/lang/StringBuffer;)I @ 6
Event: 12.919 Thread 0x000000001ccac000 Uncommon trap: reason=unstable_if action=reinterpret pc=0x00000000030d67c8 method=java.io.WinNTFileSystem.resolve(Ljava/lang/String;Ljava/lang/String;)Ljava/lang/String; @ 36
Event: 47.166 Thread 0x000000001ccab000 Uncommon trap: reason=unstable_if action=reinterpret pc=0x0000000003c79370 method=java.util.LinkedHashMap.afterNodeRemoval(Ljava/util/HashMap$Node;)V @ 27

Internal exceptions (10 events):
Event: 12.359 Thread 0x000000001ccac000 Exception <a 'java/lang/ClassNotFoundException': com/alibaba/dubbo/config/AbstractServiceConfigBeanInfo> (0x00000000dd8e1070) thrown at [C:\re\workspace\8-2-build-windows-amd64-cygwin\jdk8u121\8372\hotspot\src\share\vm\classfile\systemDictionary.cpp, line
Event: 12.360 Thread 0x000000001ccac000 Exception <a 'java/lang/ClassNotFoundException': com/alibaba/dubbo/config/AbstractInterfaceConfigBeanInfo> (0x00000000dd9166a0) thrown at [C:\re\workspace\8-2-build-windows-amd64-cygwin\jdk8u121\8372\hotspot\src\share\vm\classfile\systemDictionary.cpp, li
Event: 12.361 Thread 0x000000001ccac000 Exception <a 'java/lang/ClassNotFoundException': com/alibaba/dubbo/config/AbstractMethodConfigBeanInfo> (0x00000000dd94ae60) thrown at [C:\re\workspace\8-2-build-windows-amd64-cygwin\jdk8u121\8372\hotspot\src\share\vm\classfile\systemDictionary.cpp, line 
Event: 12.362 Thread 0x000000001ccac000 Exception <a 'java/lang/ClassNotFoundException': com/alibaba/dubbo/config/AbstractMethodConfigCustomizer> (0x00000000dd97fda8) thrown at [C:\re\workspace\8-2-build-windows-amd64-cygwin\jdk8u121\8372\hotspot\src\share\vm\classfile\systemDictionary.cpp, lin
Event: 12.362 Thread 0x000000001ccac000 Exception <a 'java/lang/ClassNotFoundException': com/alibaba/dubbo/config/AbstractInterfaceConfigCustomizer> (0x00000000dd9d3ab0) thrown at [C:\re\workspace\8-2-build-windows-amd64-cygwin\jdk8u121\8372\hotspot\src\share\vm\classfile\systemDictionary.cpp, 
Event: 12.364 Thread 0x000000001ccac000 Exception <a 'java/lang/ClassNotFoundException': com/alibaba/dubbo/config/AbstractServiceConfigCustomizer> (0x00000000dda41c30) thrown at [C:\re\workspace\8-2-build-windows-amd64-cygwin\jdk8u121\8372\hotspot\src\share\vm\classfile\systemDictionary.cpp, li
Event: 12.366 Thread 0x000000001ccac000 Exception <a 'java/lang/ClassNotFoundException': com/alibaba/dubbo/config/ServiceConfigCustomizer> (0x00000000ddaaab90) thrown at [C:\re\workspace\8-2-build-windows-amd64-cygwin\jdk8u121\8372\hotspot\src\share\vm\classfile\systemDictionary.cpp, line 210]
Event: 12.368 Thread 0x000000001ccac000 Exception <a 'java/lang/ClassNotFoundException': com/alibaba/dubbo/config/spring/ServiceBeanCustomizer> (0x00000000ddb1f308) thrown at [C:\re\workspace\8-2-build-windows-amd64-cygwin\jdk8u121\8372\hotspot\src\share\vm\classfile\systemDictionary.cpp, line 
Event: 12.571 Thread 0x000000001ccac000 Exception <a 'java/lang/NoClassDefFoundError': org/apache/thrift/TException> (0x00000000df8a1470) thrown at [C:\re\workspace\8-2-build-windows-amd64-cygwin\jdk8u121\8372\hotspot\src\share\vm\classfile\systemDictionary.cpp, line 199]
Event: 12.896 Thread 0x000000001ccac000 Exception <a 'java/io/FileNotFoundException'> (0x00000000e243f9a8) thrown at [C:\re\workspace\8-2-build-windows-amd64-cygwin\jdk8u121\8372\hotspot\src\share\vm\prims\jni.cpp, line 709]

Events (10 events):
Event: 47.220 loading class com/alibaba/com/caucho/hessian/io/SqlDateSerializer
Event: 47.220 loading class com/alibaba/com/caucho/hessian/io/SqlDateSerializer done
Event: 47.220 loading class com/alibaba/com/caucho/hessian/io/InputStreamSerializer
Event: 47.220 loading class com/alibaba/com/caucho/hessian/io/InputStreamSerializer done
Event: 47.221 loading class com/alibaba/com/caucho/hessian/io/InputStreamDeserializer
Event: 47.221 loading class com/alibaba/com/caucho/hessian/io/InputStreamDeserializer done
Event: 47.221 loading class com/alibaba/com/caucho/hessian/io/SqlDateDeserializer
Event: 47.221 loading class com/alibaba/com/caucho/hessian/io/SqlDateDeserializer done
Event: 47.222 loading class com/alibaba/com/caucho/hessian/io/StackTraceElementDeserializer
Event: 47.222 loading class com/alibaba/com/caucho/hessian/io/StackTraceElementDeserializer done


Dynamic libraries:
0x00007ff63fff0000 - 0x00007ff640027000 	C:\Program Files\Java\jdk1.8.0_121\bin\java.exe
0x00007ffa794e0000 - 0x00007ffa796c1000 	C:\WINDOWS\SYSTEM32\ntdll.dll
0x00007ffa76e30000 - 0x00007ffa76ee1000 	C:\WINDOWS\System32\KERNEL32.DLL
0x00007ffa763f0000 - 0x00007ffa76663000 	C:\WINDOWS\System32\KERNELBASE.dll
0x00007ffa76ef0000 - 0x00007ffa76f91000 	C:\WINDOWS\System32\ADVAPI32.dll
0x00007ffa76cb0000 - 0x00007ffa76d4e000 	C:\WINDOWS\System32\msvcrt.dll
0x00007ffa77830000 - 0x00007ffa7788b000 	C:\WINDOWS\System32\sechost.dll
0x00007ffa776d0000 - 0x00007ffa777f4000 	C:\WINDOWS\System32\RPCRT4.dll
0x00007ffa77890000 - 0x00007ffa77a20000 	C:\WINDOWS\System32\USER32.dll
0x00007ffa75aa0000 - 0x00007ffa75ac0000 	C:\WINDOWS\System32\win32u.dll
0x00007ffa77d00000 - 0x00007ffa77d28000 	C:\WINDOWS\System32\GDI32.dll
0x00007ffa761d0000 - 0x00007ffa76361000 	C:\WINDOWS\System32\gdi32full.dll
0x00007ffa76780000 - 0x00007ffa7681f000 	C:\WINDOWS\System32\msvcp_win.dll
0x00007ffa76820000 - 0x00007ffa76918000 	C:\WINDOWS\System32\ucrtbase.dll
0x00007ffa5ffc0000 - 0x00007ffa60229000 	C:\WINDOWS\WinSxS\amd64_microsoft.windows.common-controls_6595b64144ccf1df_6.0.17134.885_none_fb42a3473065565f\COMCTL32.dll
0x00007ffa77d40000 - 0x00007ffa78062000 	C:\WINDOWS\System32\combase.dll
0x00007ffa76370000 - 0x00007ffa763e9000 	C:\WINDOWS\System32\bcryptPrimitives.dll
0x00007ffa774b0000 - 0x00007ffa774dd000 	C:\WINDOWS\System32\IMM32.DLL
0x0000000052e50000 - 0x0000000052f22000 	C:\Program Files\Java\jdk1.8.0_121\jre\bin\msvcr100.dll
0x00000000525b0000 - 0x0000000052e4b000 	C:\Program Files\Java\jdk1.8.0_121\jre\bin\server\jvm.dll
0x00007ffa77800000 - 0x00007ffa77808000 	C:\WINDOWS\System32\PSAPI.DLL
0x00007ffa615e0000 - 0x00007ffa615e9000 	C:\WINDOWS\SYSTEM32\WSOCK32.dll
0x00007ffa774e0000 - 0x00007ffa7754c000 	C:\WINDOWS\System32\WS2_32.dll
0x00007ffa711b0000 - 0x00007ffa711d3000 	C:\WINDOWS\SYSTEM32\WINMM.dll
0x00007ffa70d30000 - 0x00007ffa70d5a000 	C:\WINDOWS\SYSTEM32\WINMMBASE.dll
0x00007ffa76920000 - 0x00007ffa76969000 	C:\WINDOWS\System32\cfgmgr32.dll
0x00007ffa6ea70000 - 0x00007ffa6ea7a000 	C:\WINDOWS\SYSTEM32\VERSION.dll
0x00000000525a0000 - 0x00000000525af000 	C:\Program Files\Java\jdk1.8.0_121\jre\bin\verify.dll
0x0000000052570000 - 0x0000000052599000 	C:\Program Files\Java\jdk1.8.0_121\jre\bin\java.dll
0x00000000524d0000 - 0x00000000524f3000 	C:\Program Files\Java\jdk1.8.0_121\jre\bin\instrument.dll
0x0000000052550000 - 0x0000000052566000 	C:\Program Files\Java\jdk1.8.0_121\jre\bin\zip.dll
0x00007ffa78070000 - 0x00007ffa794b0000 	C:\WINDOWS\System32\SHELL32.dll
0x00007ffa77a20000 - 0x00007ffa77ac9000 	C:\WINDOWS\System32\shcore.dll
0x00007ffa75ac0000 - 0x00007ffa761cd000 	C:\WINDOWS\System32\windows.storage.dll
0x00007ffa77450000 - 0x00007ffa774a1000 	C:\WINDOWS\System32\shlwapi.dll
0x00007ffa75850000 - 0x00007ffa75861000 	C:\WINDOWS\System32\kernel.appcore.dll
0x00007ffa75890000 - 0x00007ffa758af000 	C:\WINDOWS\System32\profapi.dll
0x00007ffa75800000 - 0x00007ffa7584c000 	C:\WINDOWS\System32\powrprof.dll
0x00007ffa757f0000 - 0x00007ffa757fa000 	C:\WINDOWS\System32\FLTLIB.DLL
0x00007ffa71470000 - 0x00007ffa7148a000 	E:\idea\IntelliJ IDEA 2019.1.2\bin\breakgen64.dll
0x0000000052530000 - 0x000000005254a000 	C:\Program Files\Java\jdk1.8.0_121\jre\bin\net.dll
0x00007ffa75070000 - 0x00007ffa750d6000 	C:\WINDOWS\system32\mswsock.dll
0x00007ffa75220000 - 0x00007ffa75237000 	C:\WINDOWS\SYSTEM32\CRYPTSP.dll
0x00007ffa74c60000 - 0x00007ffa74c93000 	C:\WINDOWS\system32\rsaenh.dll
0x00007ffa75350000 - 0x00007ffa75375000 	C:\WINDOWS\SYSTEM32\bcrypt.dll
0x00007ffa756f0000 - 0x00007ffa75718000 	C:\WINDOWS\SYSTEM32\USERENV.dll
0x00007ffa75240000 - 0x00007ffa7524b000 	C:\WINDOWS\SYSTEM32\CRYPTBASE.dll
0x00007ffa74e00000 - 0x00007ffa74e38000 	C:\WINDOWS\SYSTEM32\IPHLPAPI.DLL
0x00007ffa77d30000 - 0x00007ffa77d38000 	C:\WINDOWS\System32\NSI.dll
0x00007ffa6d560000 - 0x00007ffa6d576000 	C:\WINDOWS\SYSTEM32\dhcpcsvc6.DLL
0x00007ffa6d540000 - 0x00007ffa6d55a000 	C:\WINDOWS\SYSTEM32\dhcpcsvc.DLL
0x0000000052510000 - 0x0000000052521000 	C:\Program Files\Java\jdk1.8.0_121\jre\bin\nio.dll
0x00007ffa70390000 - 0x00007ffa7039a000 	C:\Users\Administrator\AppData\Local\Temp\jansi-1.17.1-5784938689458425859.dll
0x00007ffa70380000 - 0x00007ffa7038a000 	C:\Users\Administrator\AppData\Local\Temp\jansi-1.17.1-851955800011271565.dll
0x0000000052500000 - 0x000000005250d000 	C:\Program Files\Java\jdk1.8.0_121\jre\bin\management.dll
0x00007ffa613d0000 - 0x00007ffa613e6000 	C:\WINDOWS\system32\napinsp.dll
0x00007ffa60dd0000 - 0x00007ffa60dea000 	C:\WINDOWS\system32\pnrpnsp.dll
0x00007ffa72c10000 - 0x00007ffa72c29000 	C:\WINDOWS\system32\NLAapi.dll
0x00007ffa74e40000 - 0x00007ffa74efe000 	C:\WINDOWS\SYSTEM32\DNSAPI.dll
0x00007ffa60dc0000 - 0x00007ffa60dce000 	C:\WINDOWS\System32\winrnr.dll
0x00007ffa6eaa0000 - 0x00007ffa6eab5000 	C:\WINDOWS\System32\wshbth.dll
0x00007ffa665e0000 - 0x00007ffa665ea000 	C:\Windows\System32\rasadhlp.dll
0x00007ffa669b0000 - 0x00007ffa66a22000 	C:\WINDOWS\System32\fwpuclnt.dll

VM Arguments:
jvm_args: -Dmaven.multiModuleProjectDirectory=E:\e3mall\e3mallV1\e3_content -Dmaven.home=E:\Java program\apache-maven-3.6.0 -Dclassworlds.conf=E:\Java program\apache-maven-3.6.0\bin\m2.conf -javaagent:E:\idea\IntelliJ IDEA 2019.1.2\lib\idea_rt.jar=49157:E:\idea\IntelliJ IDEA 2019.1.2\bin -Dfile.encoding=UTF-8 
java_command: org.codehaus.classworlds.Launcher -Didea.version2019.1.2 tomcat7:run
java_class_path (initial): E:\Java program\apache-maven-3.6.0\boot\plexus-classworlds-2.5.2.jar;E:\idea\IntelliJ IDEA 2019.1.2\lib\idea_rt.jar
Launcher Type: SUN_STANDARD

Environment Variables:
JAVA_HOME=C:\Program Files\Java\jdk1.8.0_121
CLASSPATH=.;C:\Program Files\Java\jdk1.8.0_121\lib\dt.jar;C:\Program Files\Java\jdk1.8.0_121\lib\tools.jar;
PATH=C:\WINDOWS\system32;E:\Java program\apache-maven-3.6.0\bin;E:\Anaconda3;C:\Program Files\Java\jdk1.8.0_121\bin;C:\Program Files\Java\jdk1.8.0_121\bin;C:\Program Files\Java\jdk1.8.0_121\jre\bin;C:\Program Files\MySQL\MySQL Workbench 8.0 CE;C:\Program Files\Java\spring-framework-5.1.6.RELEASE\libs;C:\Program Files\Java\gradle-4.6\bin;C:\Program Files\VisualSVN Server\bin;C:\Program Files\TortoiseSVN\bin;C:\Program Files\MySQL\MySQL Utilities 1.6\;C:\Users\Administrator\AppData\Local\Microsoft\WindowsApps;%MAVEN_HOME%\bin;";C:\Program Files\Java\jdk1.8.0_121\bin;C:\Program Files\Java\jdk1.8.0_121\jre\bin";E:\idea\IntelliJ IDEA 2019.1.2\bin;;E:\Python\release\bin;
USERNAME=Administrator
OS=Windows_NT
PROCESSOR_IDENTIFIER=Intel64 Family 6 Model 94 Stepping 3, GenuineIntel



---------------  S Y S T E M  ---------------

OS: Windows 10.0 , 64 bit Build 17134 (10.0.17134.753)

CPU:total 8 (4 cores per cpu, 2 threads per core) family 6 model 94 stepping 3, cmov, cx8, fxsr, mmx, sse, sse2, sse3, ssse3, sse4.1, sse4.2, popcnt, avx, avx2, aes, clmul, erms, rtm, 3dnowpref, lzcnt, ht, tsc, tscinvbit, bmi1, bmi2, adx

Memory: 4k page, physical 8308516k(492372k free), swap 14708512k(2232k free)

vm_info: Java HotSpot(TM) 64-Bit Server VM (25.121-b13) for windows-amd64 JRE (1.8.0_121-b13), built on Dec 12 2016 18:21:36 by "java_re" with MS VC++ 10.0 (VS2010)

time: Wed Aug 07 17:25:18 2019
elapsed time: 47 seconds (0d 0h 0m 47s)

